<?xml version="1.0" encoding="UTF-8"?>
<!-- Generated by org.testng.reporters.JUnitReportReporter -->
<testsuite hostname="ACKO177.Dlink" failures="0" tests="1" name="FirstTest" time="2.100" errors="0" timestamp="08 Aug 2020 21:52:03 GMT" skipped="0">
  <testcase classname="FirstTest" name="TestCase1" time="2.100"/>
</testsuite> <!-- FirstTest -->
